         w __deregister_frame_info
         w __register_frame_info
         w __syscall_lock_close_recursive
         w userAppExit
         w userAppInit
00000000 00000802 B __ctru_dev_utf16_buf
00000000 b _TLS_MODULE_BASE_
00000000 a shift
00000000 a shift
00000804 00000401 B __ctru_dev_path_buf
00100000 A __start__
00100000 T _start
00100008 T __service_ptr
0010000c T __apt_appid
00100010 T __heap_size
00100014 T __linear_heap_size
00100018 T __system_arglist
0010001c T __system_runflags
00100020 t startup
00100058 t ClearMem
0010006c t ClrLoop
00100094 T _init
001000ac t .udivsi3_skip_div0_test
001000ac T __aeabi_uidiv
001000ac 000001ec T __udivsi3
00100298 00000020 T __aeabi_uidivmod
001002b8 T __aeabi_idiv
001002b8 00000220 T __divsi3
001002c0 t .divsi3_skip_div0_test
001004d8 00000020 T __aeabi_idivmod
001004f8 00000004 W __aeabi_idiv0
001004f8 00000004 W __aeabi_ldiv0
001004fc T __aeabi_drsub
00100504 000002b0 T __aeabi_dsub
00100504 000002b0 T __subdf3
00100508 000002ac T __adddf3
00100508 000002ac T __aeabi_dadd
001007b4 00000024 T __aeabi_ui2d
001007b4 00000024 T __floatunsidf
001007d8 00000028 T __aeabi_i2d
001007d8 00000028 T __floatsidf
00100800 00000048 T __aeabi_f2d
00100800 00000048 T __extendsfdf2
00100848 00000074 T __aeabi_ul2d
00100848 00000074 T __floatundidf
0010085c 00000060 T __aeabi_l2d
0010085c 00000060 T __floatdidf
001008bc 0000019c T __aeabi_frsub
001008c4 00000194 T __aeabi_fsub
001008c4 00000194 T __subsf3
001008c8 00000190 T __addsf3
001008c8 00000190 T __aeabi_fadd
00100a58 00000028 T __aeabi_ui2f
00100a58 00000028 T __floatunsisf
00100a60 00000020 T __aeabi_i2f
00100a60 00000020 T __floatsisf
00100a80 0000008c T __aeabi_ul2f
00100a80 0000008c T __floatundisf
00100a90 0000007c T __aeabi_l2f
00100a90 0000007c T __floatdisf
00100b0c T __aeabi_ldivmod
00100be0 T __aeabi_uldivmod
00100c28 00000390 T strcmp
00100fb0 t __do_global_dtors_aux
00100ff0 t frame_dummy
0010101c 00000064 t C2D_SpriteFromSheet
00101080 00000170 t handlePlayerDuck.part.0
001011f0 000002f4 t handlePlayerMovement.part.0
001014e4 00000118 t handlePlayerGravity.part.0
001015fc 00000054 T fillBuffer
00101650 00000040 T flushChannel
00101690 000000a0 T openSoundFile
00101730 00000124 T playSound
00101854 000000a4 t handlePlayerJump.part.0
001018f8 000000c4 T updateSound
001019bc 00000024 T freeSound
001019e0 00000040 T initLibs
00101a20 00000024 T exitLibs
00101a44 00000170 T drawTilemapWithoutPipes
00101bb4 0000012c T drawTilemapOnlyPipes
00101ce0 000000a8 T checkSolid
00101d88 0000002c T checkPlatform
00101db4 000001f0 T checkSurroundingSolids
00101fa4 000001b0 T checkSurroundingPlatforms
00102154 000008c4 T findSmallestOverlap
00102a18 00000044 T getNumTests
00102a5c 000001d4 T getTestPositions
00102c30 000037ec T loadGraphics
0010641c 000000bc T squishGoomba
001064d8 00000c6c T updateGoomba
00107144 00000198 T drawGoomba
001072dc 00000720 T updateMushroom
001079fc 00000090 T drawMushroom
00107a8c 00000118 T updateFeather
00107ba4 00000360 T updateQuestionBlock
00107f04 000001c8 T drawQuestionBlock
001080cc 000000d8 T drawBrickBlock
001081a4 00000100 T initShell
001082a4 00000b1c T updateShell
00108dc0 0000011c T drawShell
00108edc 00000064 T spawnShell
00108f40 00000c6c T updateKoopa
00109bac 00000254 T drawKoopa
00109e00 000000e0 T updatePiranha
00109ee0 000000b8 T collectCoin
00109f98 000000dc T drawCoin
0010a074 000000a8 T initObjects
0010a11c 0000026c T updateObjects
0010a388 00000344 T drawObjects
0010a6cc 00000530 T checkPlayerGround
0010abfc 000000bc T resetPlayerFromKick
0010acb8 000001ac T handlePlayerPipe
0010ae64 000000d0 T handlePlayerCarry
0010af34 000006bc T handlePlayerSpin
0010b5f0 000000a4 T handlePlayerUpdraft
0010b694 00000658 T handlePlayerCollision
0010bcf0 00000ea4 T handlePlayerObjectInteractions
0010cb94 000002cc T initPlayer
0010ce60 000003c0 T updatePlayer
0010d220 000026f8 T drawPlayer
0010f918 000000c0 T drawDigit
0010f9d8 000000fc T drawNumber
0010fad4 0000034c T drawHUD
0010fe20 00000414 T initLevel11
00110234 00000068 T initLevel11Pipe
0011029c 000004d4 T findObjectsInMap
00110770 00000738 T main
00110ea8 00000044 t C2Di_FrameEndHook
00110ef0 0000036c T C2D_Init
0011125c 0000004c T C2D_Fini
001112a8 000000b8 T C2D_Prepare
00111360 00000048 T C2D_Flush
001113a8 00000104 T C2D_SceneSize
001114ac 00000058 T C2D_CreateScreenTarget
00111504 00000064 T C2D_TargetClear
00111568 0000013c T C2Di_CalcQuad
001116a4 00000058 T C2Di_AppendQuad
001116fc 00000550 T C2Di_Update
00111c4c 000002b0 T C2D_DrawImage
00111efc 0000006c T C2D_SpriteSheetLoadFromHandle
00111f68 00000048 T C2D_SpriteSheetLoad
00111fb0 00000028 T C2D_SpriteSheetFree
00111fd8 0000002c T C2D_SpriteSheetGetImage
00112004 00000004 W C3Di_LightEnvUpdate
00112008 00000004 W C3Di_LightEnvDirty
0011200c 000000b4 t C3Di_AptEventHook
001120c0 00000004 W C3Di_GasUpdate
001120c4 000001e0 T C3D_Init
001122a4 00000098 T C3D_SetViewport
0011233c 000004e8 T C3Di_UpdateContext
00112824 000000e0 T C3Di_SplitFrame
00112904 00000044 T C3D_Fini
00112948 00000114 T C3D_BindProgram
00112a5c 0000004c t onVBlank0
00112aa8 0000004c t onVBlank1
00112af4 00000080 t C3Di_RenderTargetDestroy
00112b74 000000f4 t onQueueFinish
00112c68 00000038 T C3Di_RenderQueueEnableVBlank
00112ca0 00000030 T C3Di_RenderQueueDisableVBlank
00112cd0 00000060 T C3Di_RenderQueueInit
00112d30 000000b0 T C3Di_RenderQueueExit
00112de0 00000034 T C3Di_RenderQueueWaitDone
00112e14 000000e4 T C3D_FrameBegin
00112ef8 00000048 T C3D_FrameDrawOn
00112f40 00000058 T C3D_FrameSplit
00112f98 000001d8 T C3D_FrameEnd
00113170 0000001c T C3D_FrameEndHook
0011318c 00000184 T C3D_RenderTargetCreate
00113310 000000a8 T C3D_RenderTargetSetOutput
001133b8 000000fc T C3D_SyncTextureCopy
001134b4 00000294 T C3D_TexInitWithParams
00113748 000000c8 T C3D_TexLoadImage
00113810 00000044 T C3D_TexBind
00113854 00000074 T C3D_TexDelete
001138c8 0000016c T C3Di_SetTex
00113a34 000003f4 t Tex3DSi_ImportCommon
00113e28 00000038 T Tex3DS_TextureImportStdio
00113e60 0000001c T Tex3DS_GetSubTexture
00113e7c 00000004 T Tex3DS_TextureFree
00113e80 0000001c T C3D_CalcColorBufSize
00113e9c 0000001c T C3D_CalcDepthBufSize
00113eb8 00000044 T C3D_SetFrameBuf
00113efc 0000016c T C3Di_FrameBufBind
00114068 000000c8 T C3D_FrameBufClear
00114130 00000044 T C3D_FrameBufTransfer
00114174 00000034 T C3D_GetTexEnv
001141a8 00000024 T C3Di_TexEnvBind
001141cc 00000218 T C3D_DrawElements
001143e4 00000070 T C3D_ProcTexInit
00114454 00000054 T C3D_ProcTexBind
001144a8 0000005c T C3D_ProcTexLutBind
00114504 000000a4 T ProcTexLut_FromArray
001145a8 0000017c T C3Di_ProcTexUpdate
00114724 00000068 T C3Di_ProcTexDirty
0011478c 00000024 T BufInfo_Init
001147b0 00000080 T BufInfo_Add
00114830 00000040 T C3D_SetBufInfo
00114870 00000048 T C3Di_BufInfoBind
001148b8 00000040 T C3D_DepthMap
001148f8 0000001c T C3D_CullFace
00114914 00000040 T C3D_StencilTest
00114954 00000024 T C3D_StencilOp
00114978 0000001c T C3D_BlendingColor
00114994 00000024 T C3D_EarlyDepthTest
001149b8 0000002c T C3D_DepthTest
001149e4 0000002c T C3D_AlphaTest
00114a10 00000050 T C3D_AlphaBlend
00114a60 00000030 T C3D_FragOpMode
00114a90 00000044 T C3D_FragOpShadow
00114ad4 000001ac T C3Di_EffectBind
00114c80 00000028 T AttrInfo_Init
00114ca8 00000094 T AttrInfo_AddLoader
00114d3c 00000054 T C3D_SetAttrInfo
00114d90 00000080 T C3Di_AttrInfoBind
00114e10 000000a8 T C3D_ImmSendAttrib
00114eb8 00000280 T C3D_UpdateUniforms
00115138 000000c0 T C3Di_DirtyUniforms
001151f8 000000d8 T C3Di_LoadShaderUniforms
001152d0 00000028 T C3Di_ClearShaderUniforms
001152f8 000000cc T Mtx_Ortho
001153c4 000000cc T Mtx_OrthoTilt
00115490 00000024 t addrMapNodeComparator(rbtree_node const*, rbtree_node const*)
001154b4 00000004 t addrMapNodeDestructor(rbtree_node*)
001154b8 00000250 T vramMemAlignAt
00115708 0000000c T vramAlloc
00115714 0000000c T vramAllocAt
00115720 00000090 T vramFree
001157b0 00000024 t addrMapNodeComparator(rbtree_node const*, rbtree_node const*)
001157d4 00000004 t addrMapNodeDestructor(rbtree_node*)
001157d8 00000120 T linearMemAlign
001158f8 00000008 T linearAlloc
00115900 0000005c T linearFree
0011595c 00000080 T MemPool::CoalesceRight(MemBlock*)
001159dc 0000016c T MemPool::Allocate(MemChunk&, unsigned long, int)
00115b48 000000fc T MemPool::Deallocate(MemChunk const&)
00115c44 00000030 T MemPool::GetFreeSpace()
00115c74 00000008 t romfs_close
00115c7c 000000c0 t romfs_seek
00115d3c 00000024 t romfs_dirreset
00115d60 000000c8 t fill_dir
00115e28 0000028c t romfs_dirnext
001160b4 00000084 t romfs_free
00116138 000000d4 t searchForFile.constprop.0
0011620c 000000d8 t searchForDir.constprop.0
001162e4 000001c0 t navigateToDir.constprop.0
001164a4 0000010c t romfs_open
001165b0 0000004c t romfs_chdir
001165fc 00000070 t romfs_diropen
0011666c 00000174 t romfs_stat
001167e0 00000008 t romfs_dirclose
001167e8 00000084 t romfs_fstat
0011686c 000000d0 t romfs_read
0011693c 0000028c T romfsMountFromFile
00116bc8 00000098 T romfsMountFromCurrentProcess
00116c60 00000260 T romfsMountSelf
00116ec0 000000a0 T romfsUnmount
00116f60 00000074 T osConvertVirtToPhys
00116fd4 00000054 T osGetTimeRef
00117028 000000ec T osGetTime
00117114 00000034 T __ctru_speedup_config
00117148 00000038 T osSetSpeedupEnable
00117180 000001ac T consoleDrawChar
0011732c 00000124 T consolePrintChar
00117450 000000fc t newRow
0011754c 000000bc T consoleClear
00117608 000000d0 t gfxPresentFramebuffer
001176d8 0000001c T gfxIsWide
001176f4 000000ec T gfxSetScreenFormat
001177e0 000000e0 T gfxInit
001178c0 00000010 T gfxInitDefault
001178d0 000000b4 T gfxExit
00117984 000000a0 T gfxGetFramebuffer
00117a24 00000104 T gfxFlushBuffers
00117b28 00000030 T gfxScreenSwapBuffers
00117b58 000001d4 T shaderInstanceInit
00117d2c 00000018 T shaderInstanceGetUniformLocation
00117d44 0000001c T shaderProgramInit
00117d60 00000064 T shaderProgramFree
00117dc4 00000080 T shaderProgramSetVsh
00117e44 000008e0 T shaderProgramConfigure
00118724 000001cc t DVLE_GenerateOutmap.part.0
001188f0 000001b4 T DVLB_ParseFile
00118aa4 00000038 T DVLB_Free
00118adc 00000074 T DVLE_GetUniformRegister
00118b50 00000010 T GX_BindQueue
00118b60 00000078 T GX_ProcessCommandList
00118bd8 00000074 T GX_MemoryFill
00118c4c 00000070 T GX_DisplayTransfer
00118cbc 00000074 T GX_TextureCopy
00118d30 00000068 t gxCmdQueueDoCommands.part.0
00118d98 000000c8 T gxCmdQueueInterrupt
00118e60 0000004c T gxCmdQueueClear
00118eac 000000f8 T gxCmdQueueAdd
00118fa4 00000080 T gxCmdQueueRun
00119024 00000060 T gxCmdQueueStop
00119084 00000074 T gxCmdQueueWait
001190f8 0000013c T GPUCMD_Add
00119234 000000b0 T GPUCMD_Split
001192e4 00000034 T f32tof16
00119318 00000034 T f32tof24
0011934c 00000038 T f32tof31
00119384 00000158 t ndspUpdateMaster
001194e0 00000110 t ndspFinalize
001195f0 00000250 t ndspInitialize.part.0
00119840 000000fc t ndspHookCallback
00119940 00000310 t ndspThreadMain
00119c50 000003c8 T ndspInit
0011a018 000000cc T ndspExit
0011a0e4 00000034 T ndspSetOutputMode
0011a118 000000e4 T ndspChnReset
0011a1fc 00000018 T ndspChnSetFormat
0011a214 00000048 T ndspChnSetInterp
0011a25c 0000005c T ndspChnSetRate
0011a2b8 000000ac T ndspChnWaveBufClear
0011a364 000000bc T ndspChnWaveBufAdd
0011a420 00000040 T ndspiInitChn
0011a460 0000002c T ndspiDirtyChn
0011a48c 00000444 T ndspiUpdateChn
0011a8d0 00000184 T ndspiReadChnState
0011aa54 000000a4 T cfguInit
0011aaf8 0000003c T cfguExit
0011ab34 0000004c T CFGU_GetConfigInfoBlk2
0011ab80 000000a4 t DSP_LoadComponent.part.0
0011ac24 000000dc T dspInit
0011ad00 00000080 T dspExit
0011ad80 00000024 T dspHook
0011ada4 00000030 T dspUnhook
0011add4 000000b0 T aptDspSleep
0011ae84 000000b8 T aptDspWakeup
0011af3c 00000044 T aptDspCancel
0011af80 00000050 T DSP_FlushDataCache
0011afd0 00000034 T DSP_SetSemaphore
0011b004 00000034 T DSP_SetSemaphoreMask
0011b038 00000038 T DSP_GetSemaphoreHandle
0011b070 0000003c T DSP_LoadComponent
0011b0ac 00000044 T DSP_RegisterInterruptEvents
0011b0f0 00000074 T DSP_ReadPipeIfPossible
0011b164 0000004c T DSP_WriteProcessPipe
0011b1b0 00000040 T DSP_ConvertProcessAddressFromDspDram
0011b1f0 00000040 T DSP_RecvData
0011b230 0000004c T DSP_RecvDataIsReady
0011b27c 00000c58 t gspHardwareInit
0011bed4 00000248 T gspInit
0011c11c 000000f0 T gspExit
0011c20c 00000010 T gspHasGpuRight
0011c21c 000000a0 T gspPresentBuffer
0011c2bc 00000030 T gspSetEventCallback
0011c2ec 00000044 T gspWaitForEvent
0011c330 0000004c T gspWaitForAnyEvent
0011c37c 00000158 t gspEventThreadMain
0011c4d4 00000130 T gspSubmitGxCommand
0011c604 00000050 T GSPGPU_FlushDataCache
0011c654 00000034 T GSPGPU_SetLcdForceBlack
0011c688 00000068 T GSPGPU_AcquireRight
0011c6f0 00000048 T GSPGPU_ReleaseRight
0011c738 0000007c T GSPGPU_ImportDisplayCaptureInfo
0011c7b4 0000002c T GSPGPU_SaveVramSysArea
0011c7e0 0000002c T GSPGPU_RestoreVramSysArea
0011c80c 000001a4 t aptConvertScreenForCapture
0011c9b0 00000158 T aptSendCommand
0011cb08 00000044 t aptExitProcess
0011cb4c 000002f4 T aptExit
0011ce40 000000e0 T aptHandleSleep
0011cf20 00000030 T aptHook
0011cf50 00000030 T aptUnhook
0011cf80 00000084 T APT_SleepIfShellClosed
0011d004 00000084 T aptSetSleepAllowed
0011d088 00000084 T APT_UnlockTransition
0011d110 000004a4 t aptEventHandler
0011d5b4 000000b0 T APT_ReceiveParameter
0011d664 000000b0 t aptReceiveParameter.constprop.0
0011d718 000002ac t aptScreenTransfer
0011d9c4 00000344 t aptWaitForWakeUp.isra.0
0011dd08 00000100 T aptJumpToHomeMenu
0011de08 00000048 T aptMainLoop
0011de50 0000022c T aptInit
0011e07c 0000007c T APT_CheckNew3DS
0011e0f8 00000024 W hidShouldUseIrrst
0011e11c 0000018c T hidInit
0011e2a8 000000e8 T hidExit
0011e390 000002a4 T hidScanInput
0011e634 00000010 T hidKeysHeld
0011e644 00000010 T hidKeysDown
0011e654 00000074 T ptmSysmInit
0011e6c8 0000003c T ptmSysmExit
0011e704 00000034 T PTMSYSM_ConfigureNew3DSCPU
0011e738 000000cc T fsInit
0011e804 0000003c T fsExit
0011e840 00000060 T fsExemptFromSession
0011e8a0 00000050 T fsUnexemptFromSession
0011e8f0 000000cc T FSUSER_OpenFile
0011e9bc 000000d4 T FSUSER_OpenFileDirectly
0011ea90 000000bc T FSUSER_DeleteFile
0011eb4c 000000f8 T FSUSER_RenameFile
0011ec44 000000bc T FSUSER_DeleteDirectory
0011ed00 000000d4 T FSUSER_CreateFile
0011edd4 000000c4 T FSUSER_CreateDirectory
0011ee98 000000f8 T FSUSER_RenameDirectory
0011ef90 000000b4 T FSUSER_OpenDirectory
0011f044 00000098 T FSUSER_OpenArchive
0011f0dc 0000008c T FSUSER_CloseArchive
0011f168 00000074 T FSUSER_GetSdmcArchiveResource
0011f1dc 00000064 T FSUSER_IsSdmcWritable
0011f240 00000058 T FSFILE_Read
0011f298 00000060 T FSFILE_Write
0011f2f8 0000003c T FSFILE_GetSize
0011f334 00000028 T FSFILE_SetSize
0011f35c 0000003c T FSFILE_Close
0011f398 00000024 T FSFILE_Flush
0011f3bc 00000050 T FSDIR_Read
0011f40c 0000003c T FSDIR_Close
0011f448 000000c4 t buffer_read
0011f50c 000000d0 t iov_read
0011f5dc 00000138 t iov_memmove
0011f714 000001dc t decompress_rle
0011f8f0 00000244 t decompress_lzss
0011fb34 00000424 t decompress_lz11
0011ff58 000002d8 t decompress_huff
00120230 00000010 T decompressCallback_Stdio
00120240 000000dc T decompressHeader
0012031c 00000240 T decompressV
0012055c 00000010 T rbtree_init
0012056c 000001b4 t do_insert
00120720 00000008 T rbtree_insert
00120728 00000090 T rbtree_rotate
001207b8 00000318 T rbtree_remove
00120ad0 00000074 T rbtree_find
00120b44 000000e8 T utf16_to_utf8
00120c2c 00000064 T decode_utf16
00120c90 000000c0 T utf8_to_utf16
00120d50 000001e0 W __system_allocateHeaps
00120f30 00000038 W __libctru_init
00120f68 00000170 W __system_initArgv
001210d8 T svcControlMemory
001210f8 T svcQueryMemory
00121128 T svcExitProcess
00121130 T svcCreateThread
00121150 T svcExitThread
00121158 T svcSleepThread
00121160 T svcReleaseMutex
00121168 T svcCreateEvent
0012117c T svcSignalEvent
00121184 T svcClearEvent
0012118c T svcMapMemoryBlock
00121194 T svcUnmapMemoryBlock
0012119c T svcCreateAddressArbiter
001211b0 T svcArbitrateAddressNoTimeout
001211b8 T svcCloseHandle
001211c0 T svcWaitSynchronization
001211c8 T svcWaitSynchronizationN
001211f0 T svcDuplicateHandle
00121204 T svcGetSystemTick
0012120c T svcConnectToPort
00121220 T svcSendSyncRequest
00121228 T svcGetResourceLimit
0012123c T svcGetResourceLimitLimitValues
00121244 T svcGetResourceLimitCurrentValues
0012124c T svcBreak
00121254 W initSystem
001212a4 W __ctru_exit
001212bc T __aeabi_read_tp
001212c8 0000000c T __sync_init
001212d4 00000018 T __sync_fini
001212ec 0000002c T syncArbitrateAddress
00121318 0000001c T LightLock_Init
00121334 000000b0 T LightLock_Lock
001213e4 00000040 T LightLock_Unlock
00121424 00000024 T RecursiveLock_Init
00121448 00000030 T RecursiveLock_Lock
00121478 00000054 T RecursiveLock_Unlock
001214cc 00000040 T LightEvent_Init
0012150c 000000a4 T LightEvent_Clear
001215b0 000000c8 T LightEvent_Signal
00121678 00000050 T LightEvent_TryWait
001216c8 000000b0 T LightEvent_Wait
00121778 00000084 W envGetHandle
001217fc 00000050 W envDestroyHandles
0012184c 00000130 T srvInit
0012197c 00000058 T srvExit
001219d4 000000a0 T srvGetServiceHandleDirect
00121a74 00000038 T srvGetServiceHandle
00121aac 00000038 T srvPublishToSubscriber
00121ae4 00000178 T threadCreate
00121c5c 0000002c T threadFree
00121c88 00000024 T threadJoin
00121cac 00000030 T threadGetCurrent
00121cdc 00000040 T threadExit
00121d1c 00000020 t _thread_begin
00121d3c 000000b4 t mappableFindAddressWithin
00121df0 00000028 T mappableInit
00121e18 00000080 T mappableAlloc
00121e98 00000004 T mappableFree
00121e9c 00000164 T irrstInit
00122000 000000cc T irrstExit
001220cc 000000b4 T irrstScanInput
00122180 00000024 T irrstKeysHeld
001221a4 0000000c T srvPmGetSessionHandle
001221b0 0000005c T rbtree_node_next
0012220c 00000054 T encode_utf16
00122260 000000e0 T encode_utf8
00122340 0000013c T decode_utf8
0012247c 00000030 W __appInit
001224ac 00000030 T __syscall_getreent
001224dc 00000074 T __syscall_gettod_r
00122550 00000004 T __syscall_lock_acquire
00122554 00000004 T __syscall_lock_release
00122558 00000004 T __syscall_lock_init_recursive
0012255c 00000004 T __syscall_lock_acquire_recursive
00122560 00000004 T __syscall_lock_release_recursive
00122564 00000004 T __syscall_exit
00122568 00000050 T initThreadVars
001225b8 00000068 T __system_initSyscalls
00122620 00000030 W __appExit
00122650 00000090 W __libctru_exit
001226e0 00000014 t archive_link
001226f4 00000014 t archive_dirreset
00122708 00000014 t archive_chmod
0012271c 00000024 t error_cmp
00122740 00000050 t archive_translate_error
00122790 000000c8 t archive_seek
00122858 0000007c t _archiveInit.part.0
001228d4 000000c4 t archiveFindDevice.part.0
00122998 0000025c t archive_utf16path
00122bf4 000000a0 t _archiveUnmountDeviceStruct.part.0
00122c94 00000014 t archive_fchmod
00122ca8 00000014 t archive_statvfs
00122cbc 00000164 t _archiveMountDevice
00122e20 000000e8 t archive_diropen
00122f08 000000a4 t archive_fstat
00122fac 0000006c t archive_close
00123018 0000006c t archive_fsync
00123084 00000070 t archive_dirclose
001230f4 000000e8 t sdmc_statvfs
001231dc 000000ec t archive_chdir
001232c8 0000007c t archive_ftruncate
00123344 000000ac t archive_read
001233f0 000000a4 t archive_unlink
00123494 000000bc t archive_rmdir
00123550 000000dc t archive_mkdir
0012362c 0000019c t archive_stat
001237c8 0000015c t archive_dirnext
00123924 000000ec t archive_write
00123a10 000001d4 t archive_open
00123be4 00000278 t archive_rename
00123e5c 0000019c T archiveMountSdmc
00123ff8 00000054 T archiveUnmountAll
00124050 0000022c T cosf
0012427c 00000024 t with_errnof
001242a0 0000001c T __math_invalidf
001242c0 00000720 T pow
001249e0 0000024c T sinf
00124c2c 00000024 t with_errno
00124c50 00000028 t xflow
00124c78 00000010 T __math_uflow
00124c88 00000010 T __math_oflow
00124c98 00000050 T __math_divzero
00124ce8 0000001c T __math_invalid
00124d04 00000014 T __math_check_uflow
00124d18 00000028 T __math_check_oflow
00124d40 00000120 T __udivmoddi4
00124e60 00000078 T bsearch
00124ed8 00000020 T calloc
00124ef8 000000c0 T _calloc_r
00124fb8 0000000c T __errno
00124fc4 00000034 T exit
00124ff8 0000015c T _fclose_r
00125154 00000018 T fclose
0012516c 00000234 T __sflush_r
001253a0 00000094 T _fflush_r
00125434 00000038 T fflush
0012546c 0000000c T _cleanup_r
00125478 00000184 T __sinit
001255fc 00000134 T __sfp
00125730 0000000c T __sfp_lock_acquire
0012573c 0000000c T __sfp_lock_release
00125748 0000003c T __libc_fini_array
00125784 00000134 T _fopen_r
001258b8 00000020 T fopen
001258d8 000002d0 T _fread_r
00125ba8 00000038 T fread
00125be0 000000f8 T _malloc_trim_r
00125cd8 000002e8 T _free_r
00125fc0 0000001c T _fseek_r
00125fdc 00000590 T _fseeko_r
0012656c 00000068 T _fwalk
001265d4 00000070 T _fwalk_reent
00126644 00000084 T __libc_init_array
001266c8 00000138 T __smakebuf_r
00126800 0000008c T __swhatbuf_r
0012688c 00000020 T memalign
001268ac 0000014c T _memalign_r
001269f8 00000018 T malloc
00126a10 00000018 T free
00126a28 000007e4 T _malloc_r
0012720c 000000e4 T memchr
001272f0 000000b0 T memcmp
001273a0 00000118 T memcpy
001274b8 000000f4 T memset
001275ac 0000000c T __malloc_lock
001275b8 0000000c T __malloc_unlock
001275c4 00000034 T printf
001275f8 0000001c t lflush
00127614 00000198 T __srefill_r
001277ac 0000002c T rewind
001277d8 0000025c T setvbuf
00127a34 00000044 T __sread
00127a78 00000068 T __swrite
00127ae0 00000044 T __sseek
00127b24 00000008 T __sclose
00127b2c 00000130 T strchr
00127c5c 0000005c T strlen
00127cb8 000000e4 T strncat
00127d9c 000000e4 T strncmp
00127e80 000000c4 T strncpy
00127f44 00000048 T strnlen
00127f8c 000001c4 t _strtoul_l.constprop.0
00128150 00000028 T strtoul
00128178 0000003c T time
001281b4 0000066c t get_arg
00128820 0000339c T _vfprintf_r
0012bbbc 000000d0 t __sbprintf
0012bc8c 00000054 T _wcrtomb_r
0012bce0 00000028 T _wcsrtombs_r
0012bd08 0000013c T __swsetup_r
0012be44 00000114 T __call_exitprocs
0012bf58 000001b0 t quorem
0012c108 000011f8 T _dtoa_r
0012d300 000000c8 T __sflags
0012d3c8 0000000c T _localeconv_r
0012d3d4 00000010 T __locale_mb_cur_max
0012d3e4 000002f8 T __utf8_mbtowc
0012d6dc 00000088 T _Balloc
0012d764 0000001c T _Bfree
0012d780 000000f4 T __multadd
0012d874 00000060 T __hi0bits
0012d8d4 0000009c T __lo0bits
0012d970 000000a8 T __i2b
0012da18 00000204 T __multiply
0012dc1c 00000124 T __pow5mult
0012dd40 00000140 T __lshift
0012de80 00000058 T __mcmp
0012ded8 000001ec T __mdiff
0012e0c4 00000120 T __d2b
0012e1e4 000004a0 T _realloc_r
0012e688 00000088 T frexp
0012e710 0000066c t get_arg
0012ed7c 00000030 T __sprint_r
0012edac 000022ec T _vfiprintf_r
00131098 000000d0 t __sbprintf
00131168 00000188 T _wcsnrtombs_l
001312f0 0000004c T _wcsnrtombs_r
0013133c 000000f0 T __utf8_wctomb
0013142c 0000005c T __assert_func
00131488 0000003c T fiprintf
001314c4 000004b4 T __sfvwrite_r
00131978 00000150 T memmove
00131ac8 00000014 T abort
00131adc 00000090 T _raise_r
00131b6c 00000018 T raise
00131b84 00000008 t null_write
00131b8c 00000018 T setDefaultDevice
00131ba4 000000c8 T FindDevice
00131c6c 00000028 T RemoveDevice
00131c94 0000009c T AddDevice
00131d30 00000020 T GetDeviceOpTab
00131d50 00000078 T _fstat_r
00131dc8 00000014 T _getpid_r
00131ddc 00000030 T _gettimeofday_r
00131e0c 00000008 T _isatty_r
00131e14 00000014 T _kill_r
00131e28 00000084 T _lseek_r
00131eac 000000c0 T _open_r
00131f6c 00000080 T _read_r
00131fec 00000078 T _sbrk_r
00132064 00000080 T _write_r
001320e4 00000020 T _exit
00132104 000001a4 T _concatenate_path
001322a8 00000140 T chdir
001323e8 00000008 T __flockfile
001323f0 00000008 T __funlockfile
001323f8 0000008c T __release_handle
00132484 000000b0 T __alloc_handle
00132534 0000003c T __get_handle
00132570 000000f4 T _close_r
00132664 0000002c T __getreent
00132690 0000001c T __libc_lock_acquire
001326ac 0000001c T __libc_lock_release
001326c8 0000001c T __libc_lock_init_recursive
001326e4 0000001c T __libc_lock_acquire_recursive
00132700 0000001c T __libc_lock_release_recursive
0013271c 0000001c T __libc_lock_close_recursive
00132738 00000048 T strrchr
00132780 T _fini
00133168 00000008 r s_defaultTint.0
00133174 R render2d_shbin
00133300 R render2d_shbin_end
00133300 R render2d_shbin_size
00133304 00000038 r CSWTCH.19
0013333c 00000005 r colorFmtSizes
00133344 00000004 r depthFmtSizes
00133348 00000010 r CSWTCH.9
0013337c 00000070 r romFS_devoptab
001333ec 00000030 r colorTable
00133424 00000011 r dsp_filename.0
00133480 00000008 r morton_y.2
00133488 00000008 r morton_x.3
00133490 00000008 r s_sleepWakeEvents.4
001334f4 00000030 r error_table
0013352c 00000070 r archive_devoptab
0013359c 00000060 R __inv_pio4
00133600 000000e0 R __sincosf_table
001336e0 00000870 R __exp_data
00133f50 00001048 R __pow_log_data
00134f98 00000004 R _global_impure_ptr
00134fd8 00000010 r zeroes.0
00134fe8 00000010 r blanks.1
00134ff8 00000101 R _ctype_
0013510c r .LC2
001351fc 0000000c r p05.0
00135208 00000028 R __mprec_bigtens
00135230 000000c8 R __mprec_tens
001352f8 0000006c R __action_table
00135364 0000006c R __state_table
001353d0 00000100 R __chclass
001354d0 00000010 r zeroes.0
001354e0 00000010 r blanks.1
00135530 00000070 R dotab_stdnull
001355a0 R __tdata_align
001355a4 r 
001355a4 R __exidx_end
001355a4 R __exidx_start
00136000 00000318 D baseMap11Pipe
00136318 00003e38 D baseMap11
0013a150 00000004 d framerate
0013a154 00000008 d framerateCounter
0013a15c 00000004 D currentConsole
0013a160 00000004 d queueLock
0013a164 00000004 d kCount
0013a168 00000004 d kInterval
0013a16c 00000004 d kDelay
0013a170 W __stacksize__
0013a174 00000004 D _impure_ptr
0013a178 00000460 d impure_data
0013a5d8 00000004 D __malloc_sbrk_base
0013a5dc 00000004 D __malloc_trim_threshold
0013a5e0 00000408 D __malloc_av_
0013a9e8 0000016c D __global_locale
0013ab54 0000008c D devoptab_list
0013abe0 00000004 d defaultDevice
0013abe4 00000400 d _current_working_directory
0013afe4 00001000 d handles
0013bfe4 0000000c d __stderr_handle
0013bff0 0000000c d __stdout_handle
0013bffc 0000000c d __stdin_handle
0013c010 d _GLOBAL_OFFSET_TABLE_
0013c01c d __frame_dummy_init_array_entry
0013c01c D __init_array_start
0013c01c B __preinit_array_end
0013c01c B __preinit_array_start
0013c01c D __tdata_lma
0013c01c D __tdata_lma_end
0013c020 d __do_global_dtors_aux_fini_array_entry
0013c020 D __fini_array_start
0013c020 D __init_array_end
0013c024 D __bss_start__
0013c024 D __fini_array_end
0013c028 00000004 B imageSheet
0013c030 00000050 B marioSmallWalkSprites
0013c080 00000028 B marioSmallJumpSprite
0013c0a8 00000028 B marioSmallSkidSprite
0013c0d0 00000028 B marioSmallDeathSprite
0013c0f8 00000050 B marioSmallRunSprites
0013c148 00000028 B marioSmallLeapSprite
0013c170 000000a0 B marioBigWalkSprites
0013c210 00000028 B marioBigJumpSprite
0013c238 00000028 B marioBigFallSprite
0013c260 00000028 B marioBigSkidSprite
0013c288 000000a0 B marioBigRunSprites
0013c328 00000028 B marioBigLeapSprite
0013c350 00000028 B bgSprite
0013c378 000000a0 B coinSprites
0013c418 00000028 B mushroomSprite
0013c440 000000a0 B questionBlockBumpSprites
0013c4e0 00000050 B goombaSprites
0013c530 00000028 B goombaStompedSprite
0013c558 00000050 B goombaWingsSprites
0013c5a8 00000050 B koopaRedSprites
0013c5f8 00000050 B koopaWingsSprites
0013c648 000000a0 B shellRedSprites
0013c6e8 00000050 B piranhaRedGreenSprites
0013c738 00000078 B coinCollectSprites
0013c7b0 000002f8 B coinBumpSprites
0013caa8 000000a0 B questionBlockSprites
0013cb48 00000320 B hudNumberSprites
0013ce68 00000028 B hudBaseSprite
0013ce90 00000028 B hudBGSprite
0013ceb8 00000028 B hudLogoSprite
0013cee0 00000028 B ppBaseSprite
0013cf08 00000028 B ppArrowSprite
0013cf30 00000028 B ppSprite
0013cf58 00000028 B featherSprite
0013cf80 000000a0 B marioRacoonWalkSprites
0013d020 00000028 B marioRacoonJumpSprite
0013d048 00000078 B marioRacoonFallSprites
0013d0c0 00000028 B marioRacoonSkidSprite
0013d0e8 000000a0 B marioRacoonRunSprites
0013d188 00000078 B marioRacoonLeapSprites
0013d200 00000050 B marioSmallWalkCarrySprites
0013d250 00000028 B marioSmallJumpCarrySprite
0013d278 00000028 B marioSmallKickSprite
0013d2a0 00000028 B marioBigDuckSprite
0013d2c8 000000a0 B marioBigWalkCarrySprites
0013d368 00000028 B marioBigJumpCarrySprite
0013d390 00000028 B marioBigKickSprite
0013d3b8 00000028 B marioRacoonDuckSprite
0013d3e0 000000a0 B marioRacoonWalkCarrySprites
0013d480 00000028 B marioRacoonJumpCarrySprite
0013d4a8 00000028 B marioRacoonKickSprite
0013d4d0 000000a0 B brickBlockSprites
0013d570 00000028 B marioSmallPipeSprite
0013d598 00000028 B marioBigPipeSprite
0013d5c0 00000028 B marioRacoonPipeSprite
0013d5e8 000000a0 B marioRacoonSpinSprites
0013d688 00000028 B lifeShroomSprite
0013d6b0 00000dc0 B questionBlocks
0013e470 00000780 B coins
0013ebf0 00000a00 B goombas
0013f5f0 00000500 B mushrooms
0013faf0 00000a00 B koopas
001404f0 000008c0 B piranhas
00140db0 00000780 B particles
00141530 000005a0 B feathers
00141ad0 00000780 B brickBlocks
00142250 00000018 B level11Tilemap
00142268 00000318 B map11Pipe
00142580 00000018 B level11PipeTilemap
00142598 00000004 B previousFrameDuration
0014259c 00000004 B numLongFrames
001425a0 00000004 B lastLongLength
001425a4 00000008 B hudBGScroll
001425ac 00000004 B tileAnimTimer
001425b0 00000004 B tileAnimFrame
001425b4 00000004 B worldNum
001425b8 00000004 B gameTime
001425bc 00000001 B insidePipe
001425c0 00000004 B songIndex
001425c8 00000008 B tickStartTime
001425d0 00000008 B camPos
001425d8 0000fa4c B deathMusic
00152024 0000fa4c B music
00161a70 0004e500 B player
001aff70 00003e38 B map11
001b3da8 00755d00 B shells
00909aa8 00002418 B tileSprites
0090bec0 b completed.1
0090bec4 b object.0
0090bee0 000005a8 B __C2Di_Context
0090c488 00000040 b s_projBot
0090c4c8 00000040 b s_projTop
0090c508 00000004 b uLoc_mdlvMtx
0090c50c 00000004 b uLoc_projMtx
0090c510 000002d0 B __C3D_Context
0090c7e0 0000000c b hookCookie
0090c7f0 00000010 b cpuTime
0090c800 00000004 b firstTarget
0090c804 00000008 b frameCounter
0090c80c 00000004 b frameEndCb
0090c810 00000004 b frameEndCbData
0090c818 00000010 b gpuTime
0090c828 00000001 b inFrame
0090c829 00000001 b inSafeTransfer
0090c82a 00000001 b isTopStereo
0090c82c 00000004 b lastTarget
0090c830 0000000c b linkedTarget
0090c83c 00000001 b measureGpuTime
0090c83d 00000001 b needSwapBot
0090c83e 00000001 b needSwapTop
0090c840 00000004 B C3D_BoolUnifs
0090c844 00000002 B C3D_BoolUnifsDirty
0090c848 00000c00 B C3D_FVUnif
0090d448 000000c0 B C3D_FVUnifDirty
0090d508 00000020 B C3D_IVUnif
0090d528 00000008 B C3D_IVUnifDirty
0090d530 000000c0 b C3Di_FVUnifEverDirty
0090d5f0 00000008 b C3Di_IVUnifEverDirty
0090d5f8 00000018 b C3Di_ShaderFVecData
0090d610 00000008 b sVramPoolB
0090d618 00000008 b sVramPoolA
0090d620 0000000c b sAddrMap
0090d630 00000008 b sLinearPool
0090d638 0000000c b sAddrMap
0090d644 00000004 b romfs_mount_list
0090d648 00000004 V __romfs_path
0090d64c 00000001 V __ctru_speedup
0090d650 00000048 B currentCopy
0090d698 00000004 b screenAlloc
0090d69c 00000004 b screenFree
0090d6a0 00000002 b gfxIsDoubleBuf
0090d6a4 00000002 b gfxCurBuf
0090d6a6 00000001 b gfxIsVram
0090d6a7 00000001 b gfxTopMode
0090d6a8 00000002 b gfxFramebufferFormats
0090d6ac 00000004 b gfxBottomFramebufferMaxSize
0090d6b0 00000004 b gfxTopFramebufferMaxSize
0090d6b8 00000008 b gfxBottomFramebuffers
0090d6c0 00000008 b gfxTopFramebuffers
0090d6c8 00000004 b boundQueue
0090d6cc 00000001 b shouldStop
0090d6cd 00000001 b isRunning
0090d6ce 00000001 b isActive
0090d6d0 00000004 b curQueue
0090d6d4 00000004 B gpuCmdBufOffset
0090d6d8 00000004 B gpuCmdBufSize
0090d6dc 00000004 B gpuCmdBuf
0090d6e0 00000004 b ndspRefCount
0090d6e4 00000048 b ndspMaster
0090d72c 00000004 b ndspThread
0090d730 00000001 b ndspThreadRun
0090d734 00001080 b dspVar5Backup
0090e7b4 00000004 b ndspMutex
0090e7b8 00000008 b sleepEvent
0090e7c0 00000004 b dspSem
0090e7c4 00000004 b irqEvent
0090e7c8 00000008 b ndspHookCookie
0090e7d0 00000001 b componentFree
0090e7d2 00000002 b componentDataMask
0090e7d4 00000002 b componentProgMask
0090e7d8 00000004 b componentSize
0090e7dc 00000004 b componentBin
0090e7e0 00000004 b frameCount
0090e7e4 00000004 b droppedFrames
0090e7e8 00000001 b bCancelReceived
0090e7e9 00000001 b bSleeping
0090e7ea 00000001 b bEnteringSleep
0090e7eb 00000001 b bDspReady
0090e7ec 00000080 B ndspVars
0090e86c 00000002 B ndspBufferId
0090e86e 00000002 B ndspBufferCurId
0090e870 00000002 B ndspFrameId
0090e874 00000c60 b ndspChn
0090f4d4 00000004 b cfguRefCount
0090f4d8 00000004 b cfguHandle
0090f4dc 00000002 b dspSavedCompDataMask
0090f4de 00000002 b dspSavedCompProgMask
0090f4e0 00000004 b dspSavedCompSize
0090f4e4 00000004 b dspSavedCompBin
0090f4e8 00000001 b dspSleeping
0090f4e9 00000001 b dspComponentLoaded
0090f4ec 00000008 b dspFirstHook
0090f4f4 00000004 b dspRefCount
0090f4f8 00000004 b dspHandle
0090f4fc 00000007 b gspEventCbOneShot
0090f504 0000001c b gspEventCbData
0090f520 0000001c b gspEventCb
0090f53c 00000038 b gspEvents
0090f574 00000004 b gspLastEvent
0090f578 00000001 b gspRunEvents
0090f57c 00000004 b gspEventThread
0090f580 00000004 b gspEvent
0090f584 00000001 b gspGpuRight
0090f585 00000001 b gspThreadId
0090f588 00000004 b gspSharedMem
0090f58c 00000004 b gspSharedMemHandle
0090f590 00000004 b gspRefCount
0090f594 00000004 b gspGpuHandle
0090f598 00000001 b flagValue.0
0090f599 00000001 b flagInit.1
0090f59c 00000004 b serviceName.6
0090f5a0 00000001 b aptChainloadMediatype
0090f5a8 00000008 b aptChainloadTid
0090f5b0 00000001 b aptChainloadFlags
0090f5b4 00001000 b aptParameters
009105b4 00000004 b aptFlags
009105b8 00000001 b aptHomeButtonState
009105bc 00000004 b aptMessageFuncData
009105c0 00000004 b aptMessageFunc
009105c4 0000000c b aptFirstHook
009105d0 00000001 b aptEventHandlerThreadQuit
009105d4 00000004 b aptEventHandlerThread
009105d8 00000008 b aptSleepEvent
009105e0 00000008 b aptReceiveEvent
009105e8 00000008 b aptEvents
009105f0 00000004 b aptLockHandle
009105f4 00000004 b aptRefCount
009105f8 00000001 b usingIrrst
009105fc 00000004 b hidRefCount
00910600 00000006 b gRate
00910608 00000006 b aVec
00910610 00000004 b cPos
00910614 00000004 b tPos
00910618 00000004 b kRepeat
0091061c 00000004 b kUp
00910620 00000004 b kDown
00910624 00000004 b kHeld
00910628 00000004 b kOld
0091062c 00000004 B hidSharedMem
00910630 00000014 B hidEvents
00910644 00000004 B hidMemHandle
00910648 00000004 B hidHandle
0091064c 00000004 b ptmSysmRefCount
00910650 00000004 b ptmSysmHandle
00910658 00000080 b fsExemptArchives
009106d8 00000004 b fsuRefCount
009106dc 00000004 b fsuHandle
009106e0 00000004 V __ctru_linear_heap_size
009106e4 00000004 V __ctru_heap_size
009106e8 00000004 B __ctru_linear_heap
009106ec 00000004 B __ctru_heap
009106f0 00000004 B __system_retAddr
009106f4 00000004 B __system_argv
009106f8 00000004 B __system_argc
009106fc b saved_stack
00910704 00000004 b arbiter
00910708 00000004 B __3dslink_host
0091070c 00000004 b srvRefCount
00910710 00000004 b srvHandle
00910714 00000004 b currentAddr
00910718 00000004 b maxAddr
0091071c 00000004 b minAddr
00910720 00000004 b irrstRefCount
00910724 00000004 b csPos
00910728 00000004 b kHeld
0091072c 00000004 B irrstSharedMem
00910730 00000004 B irrstEvent
00910734 00000004 B irrstMemHandle
00910738 00000004 B irrstHandle
0091073c 00000004 b srvPmHandle
00910740 00000540 b archive_devices
00910c80 00000004 b archive_device_cwd
00910c84 00000001 b archive_initialized
00910c88 0000000c b __sinit_recursive_mutex
00910c94 0000000c b __sfp_recursive_mutex
00910ca0 00000028 B __malloc_current_mallinfo
00910cc8 00000004 B __malloc_max_total_mem
00910ccc 00000004 B __malloc_max_sbrked_mem
00910cd0 00000004 B __malloc_top_pad
00910cd4 0000000c b __malloc_recursive_mutex
00910ce0 0000000c B __atexit_recursive_mutex
00910cec 00000004 b heap_start.0
00910cf0 00000004 B fake_heap_start
00910cf4 00000004 B fake_heap_end
00910cf8 00000400 b temp_cwd
009110f8 00000004 b __hndl_lock
009110fc B __tls_start
00911d04 B __bss_end__
00911d04 A __end__
00911d04 B __tls_end
