         w __deregister_frame_info
         w __register_frame_info
         w __syscall_lock_close_recursive
         w userAppExit
         w userAppInit
00000000 00000802 B __ctru_dev_utf16_buf
00000000 b _TLS_MODULE_BASE_
00000000 a shift
00000000 a shift
00000804 00000401 B __ctru_dev_path_buf
00100000 A __start__
00100000 T _start
00100008 T __service_ptr
0010000c T __apt_appid
00100010 T __heap_size
00100014 T __linear_heap_size
00100018 T __system_arglist
0010001c T __system_runflags
00100020 t startup
00100058 t ClearMem
0010006c t ClrLoop
00100094 T _init
001000ac t .udivsi3_skip_div0_test
001000ac T __aeabi_uidiv
001000ac 000001ec T __udivsi3
00100298 00000020 T __aeabi_uidivmod
001002b8 T __aeabi_idiv
001002b8 00000220 T __divsi3
001002c0 t .divsi3_skip_div0_test
001004d8 00000020 T __aeabi_idivmod
001004f8 00000004 W __aeabi_idiv0
001004f8 00000004 W __aeabi_ldiv0
001004fc T __aeabi_drsub
00100504 000002b0 T __aeabi_dsub
00100504 000002b0 T __subdf3
00100508 000002ac T __adddf3
00100508 000002ac T __aeabi_dadd
001007b4 00000024 T __aeabi_ui2d
001007b4 00000024 T __floatunsidf
001007d8 00000028 T __aeabi_i2d
001007d8 00000028 T __floatsidf
00100800 00000048 T __aeabi_f2d
00100800 00000048 T __extendsfdf2
00100848 00000074 T __aeabi_ul2d
00100848 00000074 T __floatundidf
0010085c 00000060 T __aeabi_l2d
0010085c 00000060 T __floatdidf
001008bc T __aeabi_ldivmod
00100990 T __aeabi_uldivmod
001009e8 00000390 T strcmp
00100d70 t __do_global_dtors_aux
00100db0 t frame_dummy
00100ddc 00000064 t C2D_SpriteFromSheet
00100e40 00000054 T fillBuffer
00100e94 000000a4 T openSoundFile
00100f38 000000b8 T playSound
00100ff0 000000c4 T updateSound
001010b4 00000024 T freeSound
001010d8 00000098 T initLibs
00101170 00000024 T exitLibs
00101194 00000184 T checkSurroundingSolids
00101318 000000c0 T testOverlap
001013d8 00000428 T findSmallestOverlap
00101800 00000078 T initPlayer
00101878 00000974 T updatePlayer
001021ec 00000114 T drawPlayer
00102300 00000558 T main
00102858 00000044 t C2Di_FrameEndHook
001028a0 0000036c T C2D_Init
00102c0c 0000004c T C2D_Fini
00102c58 000000b8 T C2D_Prepare
00102d10 00000048 T C2D_Flush
00102d58 00000104 T C2D_SceneSize
00102e5c 00000058 T C2D_CreateScreenTarget
00102eb4 00000064 T C2D_TargetClear
00102f18 0000013c T C2Di_CalcQuad
00103054 00000058 T C2Di_AppendQuad
001030ac 00000550 T C2Di_Update
001035fc 000002b0 T C2D_DrawImage
001038ac 0000006c T C2D_SpriteSheetLoadFromHandle
00103918 00000048 T C2D_SpriteSheetLoad
00103960 00000028 T C2D_SpriteSheetFree
00103988 0000002c T C2D_SpriteSheetGetImage
001039b4 00000004 W C3Di_LightEnvUpdate
001039b8 00000004 W C3Di_LightEnvDirty
001039bc 000000b4 t C3Di_AptEventHook
00103a70 00000004 W C3Di_GasUpdate
00103a74 000001e0 T C3D_Init
00103c54 00000098 T C3D_SetViewport
00103cec 000004e8 T C3Di_UpdateContext
001041d4 000000e0 T C3Di_SplitFrame
001042b4 00000044 T C3D_Fini
001042f8 00000114 T C3D_BindProgram
0010440c 0000004c t onVBlank0
00104458 0000004c t onVBlank1
001044a4 00000080 t C3Di_RenderTargetDestroy
00104524 000000f4 t onQueueFinish
00104618 00000038 T C3Di_RenderQueueEnableVBlank
00104650 00000030 T C3Di_RenderQueueDisableVBlank
00104680 00000060 T C3Di_RenderQueueInit
001046e0 000000b0 T C3Di_RenderQueueExit
00104790 00000034 T C3Di_RenderQueueWaitDone
001047c4 000000e4 T C3D_FrameBegin
001048a8 00000048 T C3D_FrameDrawOn
001048f0 00000058 T C3D_FrameSplit
00104948 000001d8 T C3D_FrameEnd
00104b20 0000001c T C3D_FrameEndHook
00104b3c 00000184 T C3D_RenderTargetCreate
00104cc0 000000a8 T C3D_RenderTargetSetOutput
00104d68 000000fc T C3D_SyncTextureCopy
00104e64 00000294 T C3D_TexInitWithParams
001050f8 000000c8 T C3D_TexLoadImage
001051c0 00000044 T C3D_TexBind
00105204 00000074 T C3D_TexDelete
00105278 0000016c T C3Di_SetTex
001053e4 000003f4 t Tex3DSi_ImportCommon
001057d8 00000038 T Tex3DS_TextureImportStdio
00105810 0000001c T Tex3DS_GetSubTexture
0010582c 00000004 T Tex3DS_TextureFree
00105830 0000001c T C3D_CalcColorBufSize
0010584c 0000001c T C3D_CalcDepthBufSize
00105868 00000044 T C3D_SetFrameBuf
001058ac 0000016c T C3Di_FrameBufBind
00105a18 000000c8 T C3D_FrameBufClear
00105ae0 00000044 T C3D_FrameBufTransfer
00105b24 00000034 T C3D_GetTexEnv
00105b58 00000024 T C3Di_TexEnvBind
00105b7c 00000218 T C3D_DrawElements
00105d94 00000070 T C3D_ProcTexInit
00105e04 00000054 T C3D_ProcTexBind
00105e58 0000005c T C3D_ProcTexLutBind
00105eb4 000000a4 T ProcTexLut_FromArray
00105f58 0000017c T C3Di_ProcTexUpdate
001060d4 00000068 T C3Di_ProcTexDirty
0010613c 00000024 T BufInfo_Init
00106160 00000080 T BufInfo_Add
001061e0 00000040 T C3D_SetBufInfo
00106220 00000048 T C3Di_BufInfoBind
00106268 00000040 T C3D_DepthMap
001062a8 0000001c T C3D_CullFace
001062c4 00000040 T C3D_StencilTest
00106304 00000024 T C3D_StencilOp
00106328 0000001c T C3D_BlendingColor
00106344 00000024 T C3D_EarlyDepthTest
00106368 0000002c T C3D_DepthTest
00106394 0000002c T C3D_AlphaTest
001063c0 00000050 T C3D_AlphaBlend
00106410 00000030 T C3D_FragOpMode
00106440 00000044 T C3D_FragOpShadow
00106484 000001ac T C3Di_EffectBind
00106630 00000028 T AttrInfo_Init
00106658 00000094 T AttrInfo_AddLoader
001066ec 00000054 T C3D_SetAttrInfo
00106740 00000080 T C3Di_AttrInfoBind
001067c0 000000a8 T C3D_ImmSendAttrib
00106868 00000280 T C3D_UpdateUniforms
00106ae8 000000c0 T C3Di_DirtyUniforms
00106ba8 000000d8 T C3Di_LoadShaderUniforms
00106c80 00000028 T C3Di_ClearShaderUniforms
00106ca8 000000cc T Mtx_Ortho
00106d74 000000cc T Mtx_OrthoTilt
00106e40 00000024 t addrMapNodeComparator(rbtree_node const*, rbtree_node const*)
00106e64 00000004 t addrMapNodeDestructor(rbtree_node*)
00106e68 00000250 T vramMemAlignAt
001070b8 0000000c T vramAlloc
001070c4 0000000c T vramAllocAt
001070d0 00000090 T vramFree
00107160 00000024 t addrMapNodeComparator(rbtree_node const*, rbtree_node const*)
00107184 00000004 t addrMapNodeDestructor(rbtree_node*)
00107188 00000120 T linearMemAlign
001072a8 00000008 T linearAlloc
001072b0 0000005c T linearFree
0010730c 00000080 T MemPool::CoalesceRight(MemBlock*)
0010738c 0000016c T MemPool::Allocate(MemChunk&, unsigned long, int)
001074f8 000000fc T MemPool::Deallocate(MemChunk const&)
001075f4 00000030 T MemPool::GetFreeSpace()
00107624 00000008 t romfs_close
0010762c 000000c0 t romfs_seek
001076ec 00000024 t romfs_dirreset
00107710 000000c8 t fill_dir
001077d8 0000028c t romfs_dirnext
00107a64 00000084 t romfs_free
00107ae8 000000d4 t searchForFile.constprop.0
00107bbc 000000d8 t searchForDir.constprop.0
00107c94 000001c0 t navigateToDir.constprop.0
00107e54 0000010c t romfs_open
00107f60 0000004c t romfs_chdir
00107fac 00000070 t romfs_diropen
0010801c 00000174 t romfs_stat
00108190 00000008 t romfs_dirclose
00108198 00000084 t romfs_fstat
0010821c 000000d0 t romfs_read
001082ec 0000028c T romfsMountFromFile
00108578 00000098 T romfsMountFromCurrentProcess
00108610 00000260 T romfsMountSelf
00108870 000000a0 T romfsUnmount
00108910 00000074 T osConvertVirtToPhys
00108984 00000054 T osGetTimeRef
001089d8 000000ec T osGetTime
00108ac4 00000034 T __ctru_speedup_config
00108af8 00000038 T osSetSpeedupEnable
00108b30 000001e8 t parseColor
00108d18 000001ac T consoleDrawChar
00108ec4 00000124 T consolePrintChar
00108fe8 00000b94 T con_write
00109b7c 000000fc t newRow
00109c78 00000168 T consoleInit
00109de0 000000bc T consoleClear
00109e9c 000000d0 t gfxPresentFramebuffer
00109f6c 0000001c T gfxIsWide
00109f88 000000ec T gfxSetScreenFormat
0010a074 00000010 T gfxSetDoubleBuffering
0010a084 000000e0 T gfxInit
0010a164 00000010 T gfxInitDefault
0010a174 000000b4 T gfxExit
0010a228 000000a0 T gfxGetFramebuffer
0010a2c8 00000104 T gfxFlushBuffers
0010a3cc 00000030 T gfxScreenSwapBuffers
0010a3fc 00000050 T gfxSwapBuffersGpu
0010a44c 000001d4 T shaderInstanceInit
0010a620 00000018 T shaderInstanceGetUniformLocation
0010a638 0000001c T shaderProgramInit
0010a654 00000064 T shaderProgramFree
0010a6b8 00000080 T shaderProgramSetVsh
0010a738 000008e0 T shaderProgramConfigure
0010b018 000001cc t DVLE_GenerateOutmap.part.0
0010b1e4 000001b4 T DVLB_ParseFile
0010b398 00000038 T DVLB_Free
0010b3d0 00000074 T DVLE_GetUniformRegister
0010b444 00000010 T GX_BindQueue
0010b454 00000078 T GX_ProcessCommandList
0010b4cc 00000074 T GX_MemoryFill
0010b540 00000070 T GX_DisplayTransfer
0010b5b0 00000074 T GX_TextureCopy
0010b624 00000068 t gxCmdQueueDoCommands.part.0
0010b68c 000000c8 T gxCmdQueueInterrupt
0010b754 0000004c T gxCmdQueueClear
0010b7a0 000000f8 T gxCmdQueueAdd
0010b898 00000080 T gxCmdQueueRun
0010b918 00000060 T gxCmdQueueStop
0010b978 00000074 T gxCmdQueueWait
0010b9ec 0000013c T GPUCMD_Add
0010bb28 000000b0 T GPUCMD_Split
0010bbd8 00000034 T f32tof16
0010bc0c 00000034 T f32tof24
0010bc40 00000038 T f32tof31
0010bc78 00000158 t ndspUpdateMaster
0010bdd0 00000110 t ndspFinalize
0010bee0 00000250 t ndspInitialize.part.0
0010c130 000000fc t ndspHookCallback
0010c230 00000310 t ndspThreadMain
0010c540 000003c8 T ndspInit
0010c908 000000cc T ndspExit
0010c9d4 00000034 T ndspSetOutputMode
0010ca08 000000e4 T ndspChnReset
0010caec 00000018 T ndspChnSetFormat
0010cb04 00000048 T ndspChnSetInterp
0010cb4c 0000005c T ndspChnSetRate
0010cba8 000000bc T ndspChnWaveBufAdd
0010cc64 00000040 T ndspiInitChn
0010cca4 0000002c T ndspiDirtyChn
0010ccd0 00000444 T ndspiUpdateChn
0010d114 00000184 T ndspiReadChnState
0010d298 000000a4 T cfguInit
0010d33c 0000003c T cfguExit
0010d378 0000004c T CFGU_GetConfigInfoBlk2
0010d3c4 000000a4 t DSP_LoadComponent.part.0
0010d468 000000dc T dspInit
0010d544 00000080 T dspExit
0010d5c4 00000024 T dspHook
0010d5e8 00000030 T dspUnhook
0010d618 000000b0 T aptDspSleep
0010d6c8 000000b8 T aptDspWakeup
0010d780 00000044 T aptDspCancel
0010d7c4 00000050 T DSP_FlushDataCache
0010d814 00000034 T DSP_SetSemaphore
0010d848 00000034 T DSP_SetSemaphoreMask
0010d87c 00000038 T DSP_GetSemaphoreHandle
0010d8b4 0000003c T DSP_LoadComponent
0010d8f0 00000044 T DSP_RegisterInterruptEvents
0010d934 00000074 T DSP_ReadPipeIfPossible
0010d9a8 0000004c T DSP_WriteProcessPipe
0010d9f4 00000040 T DSP_ConvertProcessAddressFromDspDram
0010da34 00000040 T DSP_RecvData
0010da74 0000004c T DSP_RecvDataIsReady
0010dac0 00000c58 t gspHardwareInit
0010e718 00000248 T gspInit
0010e960 000000f0 T gspExit
0010ea50 00000010 T gspHasGpuRight
0010ea60 000000a0 T gspPresentBuffer
0010eb00 00000030 T gspSetEventCallback
0010eb30 00000044 T gspWaitForEvent
0010eb74 0000004c T gspWaitForAnyEvent
0010ebc0 00000158 t gspEventThreadMain
0010ed18 00000130 T gspSubmitGxCommand
0010ee48 00000050 T GSPGPU_FlushDataCache
0010ee98 00000034 T GSPGPU_SetLcdForceBlack
0010eecc 00000068 T GSPGPU_AcquireRight
0010ef34 00000048 T GSPGPU_ReleaseRight
0010ef7c 0000007c T GSPGPU_ImportDisplayCaptureInfo
0010eff8 0000002c T GSPGPU_SaveVramSysArea
0010f024 0000002c T GSPGPU_RestoreVramSysArea
0010f050 000001a4 t aptConvertScreenForCapture
0010f1f4 00000158 T aptSendCommand
0010f350 00000044 t aptExitProcess
0010f394 000002f4 T aptExit
0010f688 000000e0 T aptHandleSleep
0010f768 00000030 T aptHook
0010f798 00000030 T aptUnhook
0010f7c8 00000084 T APT_SleepIfShellClosed
0010f84c 00000084 T aptSetSleepAllowed
0010f8d0 00000084 T APT_UnlockTransition
0010f958 000004a4 t aptEventHandler
0010fdfc 000000b0 T APT_ReceiveParameter
0010feac 000000b0 t aptReceiveParameter.constprop.0
0010ff60 000002ac t aptScreenTransfer
0011020c 00000344 t aptWaitForWakeUp.isra.0
00110550 00000100 T aptJumpToHomeMenu
00110650 00000048 T aptMainLoop
00110698 0000022c T aptInit
001108c4 0000007c T APT_CheckNew3DS
00110940 00000024 W hidShouldUseIrrst
00110964 0000018c T hidInit
00110af0 000000e8 T hidExit
00110bd8 000002a4 T hidScanInput
00110e7c 00000010 T hidKeysHeld
00110e8c 00000010 T hidKeysDown
00110e9c 00000074 T ptmSysmInit
00110f10 0000003c T ptmSysmExit
00110f4c 00000034 T PTMSYSM_ConfigureNew3DSCPU
00110f80 000000cc T fsInit
0011104c 0000003c T fsExit
00111088 00000060 T fsExemptFromSession
001110e8 00000050 T fsUnexemptFromSession
00111138 000000cc T FSUSER_OpenFile
00111204 000000d4 T FSUSER_OpenFileDirectly
001112d8 000000bc T FSUSER_DeleteFile
00111394 000000f8 T FSUSER_RenameFile
0011148c 000000bc T FSUSER_DeleteDirectory
00111548 000000d4 T FSUSER_CreateFile
0011161c 000000c4 T FSUSER_CreateDirectory
001116e0 000000f8 T FSUSER_RenameDirectory
001117d8 000000b4 T FSUSER_OpenDirectory
0011188c 00000098 T FSUSER_OpenArchive
00111924 0000008c T FSUSER_CloseArchive
001119b0 00000074 T FSUSER_GetSdmcArchiveResource
00111a24 00000064 T FSUSER_IsSdmcWritable
00111a88 00000058 T FSFILE_Read
00111ae0 00000060 T FSFILE_Write
00111b40 0000003c T FSFILE_GetSize
00111b7c 00000028 T FSFILE_SetSize
00111ba4 0000003c T FSFILE_Close
00111be0 00000024 T FSFILE_Flush
00111c04 00000050 T FSDIR_Read
00111c54 0000003c T FSDIR_Close
00111c90 000000c4 t buffer_read
00111d54 000000d0 t iov_read
00111e24 00000138 t iov_memmove
00111f5c 000001dc t decompress_rle
00112138 00000244 t decompress_lzss
0011237c 00000424 t decompress_lz11
001127a0 000002d8 t decompress_huff
00112a78 00000010 T decompressCallback_Stdio
00112a88 000000dc T decompressHeader
00112b64 00000240 T decompressV
00112da4 00000010 T rbtree_init
00112db4 000001b4 t do_insert
00112f68 00000008 T rbtree_insert
00112f70 00000090 T rbtree_rotate
00113000 00000318 T rbtree_remove
00113318 00000074 T rbtree_find
0011338c 000000e8 T utf16_to_utf8
00113474 00000064 T decode_utf16
001134d8 000000c0 T utf8_to_utf16
00113598 000001e0 W __system_allocateHeaps
00113778 00000038 W __libctru_init
001137b0 00000170 W __system_initArgv
00113920 T svcControlMemory
00113940 T svcQueryMemory
00113970 T svcExitProcess
00113978 T svcCreateThread
00113998 T svcExitThread
001139a0 T svcSleepThread
001139a8 T svcReleaseMutex
001139b0 T svcCreateEvent
001139c4 T svcSignalEvent
001139cc T svcClearEvent
001139d4 T svcMapMemoryBlock
001139dc T svcUnmapMemoryBlock
001139e4 T svcCreateAddressArbiter
001139f8 T svcArbitrateAddressNoTimeout
00113a00 T svcCloseHandle
00113a08 T svcWaitSynchronization
00113a10 T svcWaitSynchronizationN
00113a38 T svcDuplicateHandle
00113a4c T svcGetSystemTick
00113a54 T svcConnectToPort
00113a68 T svcSendSyncRequest
00113a70 T svcGetResourceLimit
00113a84 T svcGetResourceLimitLimitValues
00113a8c T svcGetResourceLimitCurrentValues
00113a94 T svcBreak
00113a9c W initSystem
00113aec W __ctru_exit
00113b04 T __aeabi_read_tp
00113b10 0000000c T __sync_init
00113b1c 00000018 T __sync_fini
00113b34 0000002c T syncArbitrateAddress
00113b60 0000001c T LightLock_Init
00113b7c 000000b0 T LightLock_Lock
00113c2c 00000040 T LightLock_Unlock
00113c6c 00000024 T RecursiveLock_Init
00113c90 00000030 T RecursiveLock_Lock
00113cc0 00000054 T RecursiveLock_Unlock
00113d14 00000040 T LightEvent_Init
00113d54 000000a4 T LightEvent_Clear
00113df8 000000c8 T LightEvent_Signal
00113ec0 00000050 T LightEvent_TryWait
00113f10 000000b0 T LightEvent_Wait
00113fc0 00000084 W envGetHandle
00114044 00000050 W envDestroyHandles
00114094 00000130 T srvInit
001141c4 00000058 T srvExit
0011421c 000000a0 T srvGetServiceHandleDirect
001142bc 00000038 T srvGetServiceHandle
001142f4 00000038 T srvPublishToSubscriber
0011432c 00000178 T threadCreate
001144a4 0000002c T threadFree
001144d0 00000024 T threadJoin
001144f4 00000030 T threadGetCurrent
00114524 00000040 T threadExit
00114564 00000020 t _thread_begin
00114584 000000b4 t mappableFindAddressWithin
00114638 00000028 T mappableInit
00114660 00000080 T mappableAlloc
001146e0 00000004 T mappableFree
001146e4 00000164 T irrstInit
00114848 000000cc T irrstExit
00114914 000000b4 T irrstScanInput
001149c8 00000024 T irrstKeysHeld
001149ec 0000000c T srvPmGetSessionHandle
001149f8 0000005c T rbtree_node_next
00114a54 00000054 T encode_utf16
00114aa8 000000e0 T encode_utf8
00114b88 0000013c T decode_utf8
00114cc4 00000030 W __appInit
00114cf4 00000030 T __syscall_getreent
00114d24 00000074 T __syscall_gettod_r
00114d98 00000004 T __syscall_lock_acquire
00114d9c 00000004 T __syscall_lock_release
00114da0 00000004 T __syscall_lock_init_recursive
00114da4 00000004 T __syscall_lock_acquire_recursive
00114da8 00000004 T __syscall_lock_release_recursive
00114dac 00000004 T __syscall_exit
00114db0 00000050 T initThreadVars
00114e00 00000068 T __system_initSyscalls
00114e68 00000030 W __appExit
00114e98 00000090 W __libctru_exit
00114f28 00000014 t archive_link
00114f3c 00000014 t archive_dirreset
00114f50 00000014 t archive_chmod
00114f64 00000024 t error_cmp
00114f88 00000050 t archive_translate_error
00114fd8 000000c8 t archive_seek
001150a0 0000007c t _archiveInit.part.0
0011511c 000000c4 t archiveFindDevice.part.0
001151e0 0000025c t archive_utf16path
0011543c 000000a0 t _archiveUnmountDeviceStruct.part.0
001154dc 00000014 t archive_fchmod
001154f0 00000014 t archive_statvfs
00115504 00000164 t _archiveMountDevice
00115668 000000e8 t archive_diropen
00115750 000000a4 t archive_fstat
001157f4 0000006c t archive_close
00115860 0000006c t archive_fsync
001158cc 00000070 t archive_dirclose
0011593c 000000e8 t sdmc_statvfs
00115a24 000000ec t archive_chdir
00115b10 0000007c t archive_ftruncate
00115b8c 000000ac t archive_read
00115c38 000000a4 t archive_unlink
00115cdc 000000bc t archive_rmdir
00115d98 000000dc t archive_mkdir
00115e74 0000019c t archive_stat
00116010 0000015c t archive_dirnext
0011616c 000000ec t archive_write
00116258 000001d4 t archive_open
0011642c 00000278 t archive_rename
001166a4 0000019c T archiveMountSdmc
00116840 00000054 T archiveUnmountAll
00116898 0000022c T cosf
00116ac4 00000024 t with_errnof
00116ae8 0000001c T __math_invalidf
00116b08 0000024c T sinf
00116d54 00000120 T __udivmoddi4
00116e74 00000078 T bsearch
00116eec 00000020 T calloc
00116f0c 000000c0 T _calloc_r
00116fcc 0000000c T __errno
00116fd8 00000034 T exit
0011700c 0000015c T _fclose_r
00117168 00000018 T fclose
00117180 00000234 T __sflush_r
001173b4 00000094 T _fflush_r
00117448 00000038 T fflush
00117480 0000000c T _cleanup_r
0011748c 00000184 T __sinit
00117610 00000134 T __sfp
00117744 0000000c T __sfp_lock_acquire
00117750 0000000c T __sfp_lock_release
0011775c 0000003c T __libc_fini_array
00117798 00000134 T _fopen_r
001178cc 00000020 T fopen
001178ec 000002d0 T _fread_r
00117bbc 00000038 T fread
00117bf4 000000f8 T _malloc_trim_r
00117cec 000002e8 T _free_r
00117fd4 0000001c T _fseek_r
00117ff0 00000590 T _fseeko_r
00118580 00000068 T _fwalk
001185e8 00000070 T _fwalk_reent
00118658 00000084 T __libc_init_array
001186dc 00000138 T __smakebuf_r
00118814 0000008c T __swhatbuf_r
001188a0 00000020 T memalign
001188c0 0000014c T _memalign_r
00118a0c 00000018 T malloc
00118a24 00000018 T free
00118a3c 000007e4 T _malloc_r
00119220 000000e4 T memchr
00119304 000000b0 T memcmp
001193b4 00000118 T memcpy
001194cc 000000f4 T memset
001195c0 0000000c T __malloc_lock
001195cc 0000000c T __malloc_unlock
001195d8 00000034 T printf
0011960c 0000001c t lflush
00119628 00000198 T __srefill_r
001197c0 0000002c T rewind
001197ec 0000025c T setvbuf
00119a48 00000074 T sscanf
00119abc 00000044 T __sread
00119b00 00000008 T __seofread
00119b08 00000068 T __swrite
00119b70 00000044 T __sseek
00119bb4 00000008 T __sclose
00119bbc 00000130 T strchr
00119cec 0000005c T strlen
00119d48 000000e4 T strncat
00119e2c 000000e4 T strncmp
00119f10 000000c4 T strncpy
00119fd4 00000048 T strnlen
0011a01c 000001c4 t _strtoul_l.constprop.0
0011a1e0 00000004 T _strtoul_r
0011a1e4 00000028 T strtoul
0011a20c 00000050 t get_arg
0011a25c 00002c38 T __ssvfscanf_r
0011ce94 0000003c T time
0011ced0 0000066c t get_arg
0011d540 0000339c T _vfprintf_r
001208dc 000000d0 t __sbprintf
001209ac 00000054 T _wcrtomb_r
00120a00 00000028 T _wcsrtombs_r
00120a28 0000013c T __swsetup_r
00120b64 00000114 T __call_exitprocs
00120c78 000001b0 t quorem
00120e28 000011f8 T _dtoa_r
00122020 000000c8 T __sflags
001220e8 00000008 T iswspace
001220f0 0000000c T _localeconv_r
001220fc 00000010 T __locale_mb_cur_max
0012210c 00000068 T _mbrtowc_r
00122174 000002f8 T __utf8_mbtowc
0012246c 00000088 T _Balloc
001224f4 0000001c T _Bfree
00122510 000000f4 T __multadd
00122604 00000110 T __s2b
00122714 00000060 T __hi0bits
00122774 0000009c T __lo0bits
00122810 000000a8 T __i2b
001228b8 00000204 T __multiply
00122abc 00000124 T __pow5mult
00122be0 00000140 T __lshift
00122d20 00000058 T __mcmp
00122d78 000001ec T __mdiff
00122f64 00000068 T __ulp
00122fcc 000000d0 T __b2d
0012309c 00000120 T __d2b
001231bc 00000078 T __ratio
00123234 00000088 T __copybits
001232bc 0000005c T __any_on
00123318 00000020 T realloc
00123338 000004a0 T _realloc_r
001237d8 000000f4 T __sccl
001238cc 0000000c T nanf
001238d8 00000088 T frexp
00123960 00000064 T sprintf
001239c4 000000cc T stpncpy
00123a90 00000064 t sulp
00123af8 000013a8 T _strtod_l
00124ea0 0000000c T _strtod_r
00124eac 0000022c t _strtoll_l.constprop.0
001250d8 00000004 T _strtoll_r
001250dc 000001a4 t _strtol_l.part.0
00125280 0000003c T _strtol_r
001252bc 00000244 t _strtoull_l.constprop.0
00125500 00000004 T _strtoull_r
00125504 00000188 T __ssprint_r
0012568c 000000d4 T _sungetc_r
00125760 0000006c T __ssrefill_r
001257cc 000000c4 T _sfread_r
00125890 0000066c t get_arg
00125f00 00003334 T _svfprintf_r
00129234 000000a8 T __submore
001292dc 0000066c t get_arg
00129948 00000030 T __sprint_r
00129978 000022ec T _vfiprintf_r
0012bc64 000000d0 t __sbprintf
0012bd34 00000188 T _wcsnrtombs_l
0012bebc 0000004c T _wcsnrtombs_r
0012bf08 000000f0 T __utf8_wctomb
0012bff8 0000005c T __assert_func
0012c054 0000003c T fiprintf
0012c090 000004b4 T __sfvwrite_r
0012c544 000000f0 t rshift
0012c634 00000814 T __gethex
0012ce48 0000004c T __match
0012ce94 0000029c T __hexnan
0012d130 0000003c T iswspace_l
0012d16c 000001d8 t __jp2uc
0012d344 0000009c T _jp2uc_l
0012d3e0 00000150 T memmove
0012d530 00000010 T nan
0012d540 00000014 T abort
0012d554 0000008c T category
0012d5e0 00000090 T _raise_r
0012d670 00000018 T raise
0012d688 00000008 t null_write
0012d690 00000018 T setDefaultDevice
0012d6a8 000000c8 T FindDevice
0012d770 00000028 T RemoveDevice
0012d798 0000009c T AddDevice
0012d834 00000020 T GetDeviceOpTab
0012d854 00000078 T _fstat_r
0012d8cc 00000014 T _getpid_r
0012d8e0 00000030 T _gettimeofday_r
0012d910 00000008 T _isatty_r
0012d918 00000014 T _kill_r
0012d92c 00000084 T _lseek_r
0012d9b0 000000c0 T _open_r
0012da70 00000080 T _read_r
0012daf0 00000078 T _sbrk_r
0012db68 00000080 T _write_r
0012dbe8 00000020 T _exit
0012dc08 000001a4 T _concatenate_path
0012ddac 00000140 T chdir
0012deec 00000008 T __flockfile
0012def4 00000008 T __funlockfile
0012defc 0000008c T __release_handle
0012df88 000000b0 T __alloc_handle
0012e038 0000003c T __get_handle
0012e074 000000f4 T _close_r
0012e168 0000002c T __getreent
0012e194 0000001c T __libc_lock_acquire
0012e1b0 0000001c T __libc_lock_release
0012e1cc 0000001c T __libc_lock_init_recursive
0012e1e8 0000001c T __libc_lock_acquire_recursive
0012e204 0000001c T __libc_lock_release_recursive
0012e220 0000001c T __libc_lock_close_recursive
0012e23c 00000038 T __aeabi_d2lz
0012e23c 00000038 T __fixdfdi
0012e278 00000040 T __aeabi_d2ulz
0012e278 00000040 T __fixunsdfdi
0012e2b8 00000048 T strrchr
0012e300 T _fini
0012f154 00000008 r s_defaultTint.0
0012f160 R render2d_shbin
0012f2ec R render2d_shbin_end
0012f2ec R render2d_shbin_size
0012f2f0 00000038 r CSWTCH.19
0012f328 00000005 r colorFmtSizes
0012f330 00000004 r depthFmtSizes
0012f334 00000010 r CSWTCH.9
0012f368 00000070 r romFS_devoptab
0012f450 00000070 r dotab_stdout
0012f4c0 00000018 r grayScale
0012f4d8 00000006 r colorCube
0012f4e0 00000030 r colorTable
0012f518 00000011 r dsp_filename.0
0012f574 00000008 r morton_y.2
0012f57c 00000008 r morton_x.3
0012f584 00000008 r s_sleepWakeEvents.4
0012f5c4 R default_font_bin
0012fdc4 R default_font_bin_end
0012fde8 00000030 r error_table
0012fe20 00000070 r archive_devoptab
0012fe90 00000060 R __inv_pio4
0012fef0 000000e0 R __sincosf_table
0012ffd0 00000004 R _global_impure_ptr
0012ffdc 00000022 r basefix.0
0013003c 00000010 r zeroes.0
0013004c 00000010 r blanks.1
0013005c 00000101 R _ctype_
00130170 r .LC2
00130260 0000000c r p05.0
00130270 00000028 R __mprec_bigtens
00130298 000000c8 R __mprec_tens
00130370 00000014 r fpinan.0
00130384 00000014 r fpi.1
00130398 00000028 r tinytens
001303c0 0000006c R __action_table
0013042c 0000006c R __state_table
00130498 00000100 R __chclass
00130598 00000010 r zeroes.0
001305a8 00000010 r blanks.1
001305b8 00000010 r zeroes.0
001305c8 00000010 r blanks.1
00130668 00000100 R __hexdig
0013077c 00001a7c r d02f4
001321f8 0000172a r b02cf
00133924 00000040 r a8
00133964 000000a2 r a7
00133a08 00000070 r a6
00133a78 0000005b r a3
00133ad4 000000bc r a2
00133b90 000000bc r a1
00133c4c 00003528 r categories
00137174 00000070 R dotab_stdnull
001371e4 R __tdata_align
001371e8 r 
001371e8 R __exidx_end
001371e8 R __exidx_start
00138000 00000004 d framerate
00138004 00000008 d framerateCounter
0013800c 00000001 d firstConsoleInit.0
00138010 00000004 D currentConsole
00138014 00000048 D defaultConsole
0013805c 00000004 d queueLock
00138060 00000004 d kCount
00138064 00000004 d kInterval
00138068 00000004 d kDelay
0013806c W __stacksize__
00138070 00000004 D _impure_ptr
00138078 00000460 d impure_data
001384d8 00000004 D __malloc_sbrk_base
001384dc 00000004 D __malloc_trim_threshold
001384e0 00000408 D __malloc_av_
001388e8 0000016c D __global_locale
00138a54 0000008c D devoptab_list
00138ae0 00000004 d defaultDevice
00138ae4 00000400 d _current_working_directory
00138ee4 00001000 d handles
00139ee4 0000000c d __stderr_handle
00139ef0 0000000c d __stdout_handle
00139efc 0000000c d __stdin_handle
00139f10 d _GLOBAL_OFFSET_TABLE_
00139f1c d __frame_dummy_init_array_entry
00139f1c D __init_array_start
00139f1c B __preinit_array_end
00139f1c B __preinit_array_start
00139f1c D __tdata_lma
00139f1c D __tdata_lma_end
00139f20 d __do_global_dtors_aux_fini_array_entry
00139f20 D __fini_array_start
00139f20 D __init_array_end
00139f24 D __bss_start__
00139f24 D __fini_array_end
00139f28 00000bb8 B map
0013aae0 00000004 B previousFrameDuration
0013aae4 00000004 B numLongFrames
0013aae8 00000004 B lastLongLength
0013aaec 00000004 B spriteSheet
0013aaf0 00000004 B tileSheet
0013aaf4 000000f0 B playerRunSprites
0013abe4 00000028 B backSprite
0013ac0c 00000028 B tileSprite
0013ac34 00000474 B music
0013b0a8 000004a8 B player
0013b550 00000008 B tickStartTime
0013b558 00000004 B camx
0013b55c b completed.1
0013b560 b object.0
0013b578 000005a8 B __C2Di_Context
0013bb20 00000040 b s_projBot
0013bb60 00000040 b s_projTop
0013bba0 00000004 b uLoc_mdlvMtx
0013bba4 00000004 b uLoc_projMtx
0013bba8 000002d0 B __C3D_Context
0013be78 0000000c b hookCookie
0013be88 00000010 b cpuTime
0013be98 00000004 b firstTarget
0013be9c 00000008 b frameCounter
0013bea4 00000004 b frameEndCb
0013bea8 00000004 b frameEndCbData
0013beb0 00000010 b gpuTime
0013bec0 00000001 b inFrame
0013bec1 00000001 b inSafeTransfer
0013bec2 00000001 b isTopStereo
0013bec4 00000004 b lastTarget
0013bec8 0000000c b linkedTarget
0013bed4 00000001 b measureGpuTime
0013bed5 00000001 b needSwapBot
0013bed6 00000001 b needSwapTop
0013bed8 00000004 B C3D_BoolUnifs
0013bedc 00000002 B C3D_BoolUnifsDirty
0013bee0 00000c00 B C3D_FVUnif
0013cae0 000000c0 B C3D_FVUnifDirty
0013cba0 00000020 B C3D_IVUnif
0013cbc0 00000008 B C3D_IVUnifDirty
0013cbc8 000000c0 b C3Di_FVUnifEverDirty
0013cc88 00000008 b C3Di_IVUnifEverDirty
0013cc90 00000018 b C3Di_ShaderFVecData
0013cca8 00000008 b sVramPoolB
0013ccb0 00000008 b sVramPoolA
0013ccb8 0000000c b sAddrMap
0013ccc8 00000008 b sLinearPool
0013ccd0 0000000c b sAddrMap
0013ccdc 00000004 b romfs_mount_list
0013cce0 00000004 V __romfs_path
0013cce4 00000001 V __ctru_speedup
0013cce8 00000048 B currentCopy
0013cd30 00000004 b screenAlloc
0013cd34 00000004 b screenFree
0013cd38 00000002 b gfxIsDoubleBuf
0013cd3c 00000002 b gfxCurBuf
0013cd3e 00000001 b gfxIsVram
0013cd3f 00000001 b gfxTopMode
0013cd40 00000002 b gfxFramebufferFormats
0013cd44 00000004 b gfxBottomFramebufferMaxSize
0013cd48 00000004 b gfxTopFramebufferMaxSize
0013cd50 00000008 b gfxBottomFramebuffers
0013cd58 00000008 b gfxTopFramebuffers
0013cd60 00000004 b boundQueue
0013cd64 00000001 b shouldStop
0013cd65 00000001 b isRunning
0013cd66 00000001 b isActive
0013cd68 00000004 b curQueue
0013cd6c 00000004 B gpuCmdBufOffset
0013cd70 00000004 B gpuCmdBufSize
0013cd74 00000004 B gpuCmdBuf
0013cd78 00000004 b ndspRefCount
0013cd7c 00000048 b ndspMaster
0013cdc4 00000004 b ndspThread
0013cdc8 00000001 b ndspThreadRun
0013cdcc 00001080 b dspVar5Backup
0013de4c 00000004 b ndspMutex
0013de50 00000008 b sleepEvent
0013de58 00000004 b dspSem
0013de5c 00000004 b irqEvent
0013de60 00000008 b ndspHookCookie
0013de68 00000001 b componentFree
0013de6a 00000002 b componentDataMask
0013de6c 00000002 b componentProgMask
0013de70 00000004 b componentSize
0013de74 00000004 b componentBin
0013de78 00000004 b frameCount
0013de7c 00000004 b droppedFrames
0013de80 00000001 b bCancelReceived
0013de81 00000001 b bSleeping
0013de82 00000001 b bEnteringSleep
0013de83 00000001 b bDspReady
0013de84 00000080 B ndspVars
0013df04 00000002 B ndspBufferId
0013df06 00000002 B ndspBufferCurId
0013df08 00000002 B ndspFrameId
0013df0c 00000c60 b ndspChn
0013eb6c 00000004 b cfguRefCount
0013eb70 00000004 b cfguHandle
0013eb74 00000002 b dspSavedCompDataMask
0013eb76 00000002 b dspSavedCompProgMask
0013eb78 00000004 b dspSavedCompSize
0013eb7c 00000004 b dspSavedCompBin
0013eb80 00000001 b dspSleeping
0013eb81 00000001 b dspComponentLoaded
0013eb84 00000008 b dspFirstHook
0013eb8c 00000004 b dspRefCount
0013eb90 00000004 b dspHandle
0013eb94 00000007 b gspEventCbOneShot
0013eb9c 0000001c b gspEventCbData
0013ebb8 0000001c b gspEventCb
0013ebd4 00000038 b gspEvents
0013ec0c 00000004 b gspLastEvent
0013ec10 00000001 b gspRunEvents
0013ec14 00000004 b gspEventThread
0013ec18 00000004 b gspEvent
0013ec1c 00000001 b gspGpuRight
0013ec1d 00000001 b gspThreadId
0013ec20 00000004 b gspSharedMem
0013ec24 00000004 b gspSharedMemHandle
0013ec28 00000004 b gspRefCount
0013ec2c 00000004 b gspGpuHandle
0013ec30 00000001 b flagValue.0
0013ec31 00000001 b flagInit.1
0013ec34 00000004 b serviceName.6
0013ec38 00000001 b aptChainloadMediatype
0013ec40 00000008 b aptChainloadTid
0013ec48 00000001 b aptChainloadFlags
0013ec4c 00001000 b aptParameters
0013fc4c 00000004 b aptFlags
0013fc50 00000001 b aptHomeButtonState
0013fc54 00000004 b aptMessageFuncData
0013fc58 00000004 b aptMessageFunc
0013fc5c 0000000c b aptFirstHook
0013fc68 00000001 b aptEventHandlerThreadQuit
0013fc6c 00000004 b aptEventHandlerThread
0013fc70 00000008 b aptSleepEvent
0013fc78 00000008 b aptReceiveEvent
0013fc80 00000008 b aptEvents
0013fc88 00000004 b aptLockHandle
0013fc8c 00000004 b aptRefCount
0013fc90 00000001 b usingIrrst
0013fc94 00000004 b hidRefCount
0013fc98 00000006 b gRate
0013fca0 00000006 b aVec
0013fca8 00000004 b cPos
0013fcac 00000004 b tPos
0013fcb0 00000004 b kRepeat
0013fcb4 00000004 b kUp
0013fcb8 00000004 b kDown
0013fcbc 00000004 b kHeld
0013fcc0 00000004 b kOld
0013fcc4 00000004 B hidSharedMem
0013fcc8 00000014 B hidEvents
0013fcdc 00000004 B hidMemHandle
0013fce0 00000004 B hidHandle
0013fce4 00000004 b ptmSysmRefCount
0013fce8 00000004 b ptmSysmHandle
0013fcf0 00000080 b fsExemptArchives
0013fd70 00000004 b fsuRefCount
0013fd74 00000004 b fsuHandle
0013fd78 00000004 V __ctru_linear_heap_size
0013fd7c 00000004 V __ctru_heap_size
0013fd80 00000004 B __ctru_linear_heap
0013fd84 00000004 B __ctru_heap
0013fd88 00000004 B __system_retAddr
0013fd8c 00000004 B __system_argv
0013fd90 00000004 B __system_argc
0013fd94 b saved_stack
0013fd9c 00000004 b arbiter
0013fda0 00000004 B __3dslink_host
0013fda4 00000004 b srvRefCount
0013fda8 00000004 b srvHandle
0013fdac 00000004 b currentAddr
0013fdb0 00000004 b maxAddr
0013fdb4 00000004 b minAddr
0013fdb8 00000004 b irrstRefCount
0013fdbc 00000004 b csPos
0013fdc0 00000004 b kHeld
0013fdc4 00000004 B irrstSharedMem
0013fdc8 00000004 B irrstEvent
0013fdcc 00000004 B irrstMemHandle
0013fdd0 00000004 B irrstHandle
0013fdd4 00000004 b srvPmHandle
0013fdd8 00000540 b archive_devices
00140318 00000004 b archive_device_cwd
0014031c 00000001 b archive_initialized
00140320 0000000c b __sinit_recursive_mutex
0014032c 0000000c b __sfp_recursive_mutex
00140338 00000028 B __malloc_current_mallinfo
00140360 00000004 B __malloc_max_total_mem
00140364 00000004 B __malloc_max_sbrked_mem
00140368 00000004 B __malloc_top_pad
0014036c 0000000c b __malloc_recursive_mutex
00140378 0000000c B __atexit_recursive_mutex
00140384 00000004 b heap_start.0
00140388 00000004 B fake_heap_start
0014038c 00000004 B fake_heap_end
00140390 00000400 b temp_cwd
00140790 00000004 b __hndl_lock
00140794 B __tls_start
0014139c B __bss_end__
0014139c A __end__
0014139c B __tls_end
